d:\git\ctd-vegetationecosystem\vegetation ecosystem\vegetation ecosystem\debug\pch.pch
d:\git\ctd-vegetationecosystem\vegetation ecosystem\vegetation ecosystem\debug\vc142.pdb
d:\git\ctd-vegetationecosystem\vegetation ecosystem\vegetation ecosystem\debug\vc142.idb
d:\git\ctd-vegetationecosystem\vegetation ecosystem\vegetation ecosystem\debug\pch.obj
d:\git\ctd-vegetationecosystem\vegetation ecosystem\vegetation ecosystem\debug\vegetationsimulationscene.obj
d:\git\ctd-vegetationecosystem\vegetation ecosystem\vegetation ecosystem\debug\renderable.obj
d:\git\ctd-vegetationecosystem\vegetation ecosystem\vegetation ecosystem\debug\vegetation.obj
d:\git\ctd-vegetationecosystem\vegetation ecosystem\vegetation ecosystem\debug\app.obj
d:\git\ctd-vegetationecosystem\vegetation ecosystem\vegetation ecosystem\debug\vegetation_ecosystemmain.obj
d:\git\ctd-vegetationecosystem\vegetation ecosystem\vegetation ecosystem\debug\cylindersegment.obj
d:\git\ctd-vegetationecosystem\vegetation ecosystem\vegetation ecosystem\debug\vegetationbud.obj
d:\git\ctd-vegetationecosystem\vegetation ecosystem\vegetation ecosystem\debug\deviceresources.obj
d:\git\ctd-vegetationecosystem\vegetation ecosystem\vegetation ecosystem\debug\samplefpstextrenderer.obj
d:\git\ctd-vegetationecosystem\vegetation ecosystem\vegetation ecosystem\debug\vegetationnode.obj
d:\git\ctd-vegetationecosystem\vegetation ecosystem\vegetation ecosystem\debug\vegetationfeature.obj
d:\git\ctd-vegetationecosystem\vegetation ecosystem\vegetation ecosystem\debug\transform.obj
d:\git\ctd-vegetationecosystem\vegetation ecosystem\vegetation ecosystem\debug\sample3dscenerenderer.obj
d:\git\ctd-vegetationecosystem\vegetation ecosystem\vegetation ecosystem\debug\leaf.obj
d:\git\ctd-vegetationecosystem\vegetation ecosystem\vegetation ecosystem\debug\cube.obj
d:\git\ctd-vegetationecosystem\vegetation ecosystem\vegetation ecosystem\debug\wictextureloader.obj
d:\git\ctd-vegetationecosystem\vegetation ecosystem\debug\vegetation ecosystem\samplepixelshader.cso
d:\git\ctd-vegetationecosystem\vegetation ecosystem\debug\vegetation ecosystem\samplevertexshader.cso
d:\git\ctd-vegetationecosystem\vegetation ecosystem\debug\vegetation ecosystem\vegetation ecosystem.exe
d:\git\ctd-vegetationecosystem\vegetation ecosystem\debug\vegetation ecosystem\vegetation ecosystem.ilk
d:\git\ctd-vegetationecosystem\vegetation ecosystem\debug\vegetation ecosystem\vegetation ecosystem.pdb
d:\git\ctd-vegetationecosystem\vegetation ecosystem\debug\vegetation ecosystem\vegetation_ecosystem.winmd
d:\git\ctd-vegetationecosystem\vegetation ecosystem\debug\vegetation ecosystem\assets\lockscreenlogo.scale-200.png
d:\git\ctd-vegetationecosystem\vegetation ecosystem\debug\vegetation ecosystem\assets\splashscreen.scale-200.png
d:\git\ctd-vegetationecosystem\vegetation ecosystem\debug\vegetation ecosystem\assets\square150x150logo.scale-200.png
d:\git\ctd-vegetationecosystem\vegetation ecosystem\debug\vegetation ecosystem\assets\square44x44logo.scale-200.png
d:\git\ctd-vegetationecosystem\vegetation ecosystem\debug\vegetation ecosystem\assets\square44x44logo.targetsize-24_altform-unplated.png
d:\git\ctd-vegetationecosystem\vegetation ecosystem\debug\vegetation ecosystem\assets\storelogo.png
d:\git\ctd-vegetationecosystem\vegetation ecosystem\debug\vegetation ecosystem\assets\wide310x150logo.scale-200.png
d:\git\ctd-vegetationecosystem\vegetation ecosystem\vegetation ecosystem\debug\resourcehandlingtask.state
d:\git\ctd-vegetationecosystem\vegetation ecosystem\vegetation ecosystem\debug\vegetation ecosystem.vcxproj.generateresource.cache
d:\git\ctd-vegetationecosystem\vegetation ecosystem\vegetation ecosystem\debug\priconfig.xml
d:\git\ctd-vegetationecosystem\vegetation ecosystem\vegetation ecosystem\debug\priconfig.xml.intermediate
d:\git\ctd-vegetationecosystem\vegetation ecosystem\vegetation ecosystem\debug\unfiltered.layout.resfiles
d:\git\ctd-vegetationecosystem\vegetation ecosystem\vegetation ecosystem\debug\unfiltered.layout.resfiles.intermediate
d:\git\ctd-vegetationecosystem\vegetation ecosystem\vegetation ecosystem\debug\filtered.layout.resfiles
d:\git\ctd-vegetationecosystem\vegetation ecosystem\vegetation ecosystem\debug\filtered.layout.resfiles.intermediate
d:\git\ctd-vegetationecosystem\vegetation ecosystem\vegetation ecosystem\debug\excluded.layout.resfiles
d:\git\ctd-vegetationecosystem\vegetation ecosystem\vegetation ecosystem\debug\excluded.layout.resfiles.intermediate
d:\git\ctd-vegetationecosystem\vegetation ecosystem\vegetation ecosystem\debug\resources.resfiles
d:\git\ctd-vegetationecosystem\vegetation ecosystem\vegetation ecosystem\debug\resources.resfiles.intermediate
d:\git\ctd-vegetationecosystem\vegetation ecosystem\vegetation ecosystem\debug\pri.resfiles
d:\git\ctd-vegetationecosystem\vegetation ecosystem\vegetation ecosystem\debug\pri.resfiles.intermediate
d:\git\ctd-vegetationecosystem\vegetation ecosystem\debug\vegetation ecosystem\resources.pri
d:\git\ctd-vegetationecosystem\vegetation ecosystem\vegetation ecosystem\debug\qualifiers.txt
d:\git\ctd-vegetationecosystem\vegetation ecosystem\vegetation ecosystem\debug\qualifiers.txt.intermediate
d:\git\ctd-vegetationecosystem\vegetation ecosystem\vegetation ecosystem\debug\multiplequalifiersperdimensionfound.txt
d:\git\ctd-vegetationecosystem\vegetation ecosystem\vegetation ecosystem\debug\projectarchitectures.txt
d:\git\ctd-vegetationecosystem\vegetation ecosystem\debug\vegetation ecosystem\appxmanifest.xml
d:\git\ctd-vegetationecosystem\vegetation ecosystem\debug\vegetation ecosystem\vegetation ecosystem.build.appxrecipe
d:\git\ctd-vegetationecosystem\vegetation ecosystem\debug\vegetation ecosystem\assets\leaf.png
d:\git\ctd-vegetationecosystem\vegetation ecosystem\debug\vegetation ecosystem\assets\tree.png
d:\git\ctd-vegetationecosystem\vegetation ecosystem\vegetation ecosystem\debug\vegetation ecosystem.vcxprojassemblyreference.cache
d:\git\ctd-vegetationecosystem\vegetation ecosystem\debug\vegetation ecosystem\assets\blank.png
d:\git\ctd-vegetationecosystem\vegetation ecosystem\vegetation ecosystem\debug\vegetati.9bcbb87f.tlog\cl.command.1.tlog
d:\git\ctd-vegetationecosystem\vegetation ecosystem\vegetation ecosystem\debug\vegetati.9bcbb87f.tlog\cl.read.1.tlog
d:\git\ctd-vegetationecosystem\vegetation ecosystem\vegetation ecosystem\debug\vegetati.9bcbb87f.tlog\cl.write.1.tlog
d:\git\ctd-vegetationecosystem\vegetation ecosystem\vegetation ecosystem\debug\vegetati.9bcbb87f.tlog\fxc.command.1.tlog
d:\git\ctd-vegetationecosystem\vegetation ecosystem\vegetation ecosystem\debug\vegetati.9bcbb87f.tlog\fxc.read.1.tlog
d:\git\ctd-vegetationecosystem\vegetation ecosystem\vegetation ecosystem\debug\vegetati.9bcbb87f.tlog\fxc.write.1.tlog
d:\git\ctd-vegetationecosystem\vegetation ecosystem\vegetation ecosystem\debug\vegetati.9bcbb87f.tlog\link.command.1.tlog
d:\git\ctd-vegetationecosystem\vegetation ecosystem\vegetation ecosystem\debug\vegetati.9bcbb87f.tlog\link.read.1.tlog
d:\git\ctd-vegetationecosystem\vegetation ecosystem\vegetation ecosystem\debug\vegetati.9bcbb87f.tlog\link.write.1.tlog
d:\git\ctd-vegetationecosystem\vegetation ecosystem\vegetation ecosystem\debug\vegetati.9bcbb87f.tlog\vegetation ecosystem.read.1u.tlog
d:\git\ctd-vegetationecosystem\vegetation ecosystem\vegetation ecosystem\debug\vegetati.9bcbb87f.tlog\vegetation ecosystem.write.1u.tlog
