d:\git\ctd-vegetationecosystem\vegetation ecosystem\vegetation ecosystem\x64\release\sample3dscenerenderer.obj
d:\git\ctd-vegetationecosystem\vegetation ecosystem\vegetation ecosystem\x64\release\vegetationnode.obj
d:\git\ctd-vegetationecosystem\vegetation ecosystem\vegetation ecosystem\x64\release\vegetation.obj
d:\git\ctd-vegetationecosystem\vegetation ecosystem\vegetation ecosystem\x64\release\vegetation_ecosystemmain.obj
d:\git\ctd-vegetationecosystem\vegetation ecosystem\vegetation ecosystem\x64\release\app.obj
d:\git\ctd-vegetationecosystem\vegetation ecosystem\vegetation ecosystem\x64\release\vegetationfeature.obj
d:\git\ctd-vegetationecosystem\vegetation ecosystem\vegetation ecosystem\x64\release\vegetationbud.obj
d:\git\ctd-vegetationecosystem\vegetation ecosystem\vegetation ecosystem\x64\release\renderable.obj
d:\git\ctd-vegetationecosystem\vegetation ecosystem\vegetation ecosystem\x64\release\vegetationsimulationscene.obj
d:\git\ctd-vegetationecosystem\vegetation ecosystem\vegetation ecosystem\x64\release\wictextureloader.obj
d:\git\ctd-vegetationecosystem\vegetation ecosystem\vegetation ecosystem\x64\release\transform.obj
d:\git\ctd-vegetationecosystem\vegetation ecosystem\vegetation ecosystem\x64\release\samplefpstextrenderer.obj
d:\git\ctd-vegetationecosystem\vegetation ecosystem\vegetation ecosystem\x64\release\cube.obj
d:\git\ctd-vegetationecosystem\vegetation ecosystem\vegetation ecosystem\x64\release\cylindersegment.obj
d:\git\ctd-vegetationecosystem\vegetation ecosystem\vegetation ecosystem\x64\release\leaf.obj
d:\git\ctd-vegetationecosystem\vegetation ecosystem\vegetation ecosystem\x64\release\deviceresources.obj
d:\git\ctd-vegetationecosystem\vegetation ecosystem\vegetation ecosystem\x64\release\vegetationparameters.obj
d:\git\ctd-vegetationecosystem\vegetation ecosystem\vegetation ecosystem\x64\release\objexporter.obj
d:\git\ctd-vegetationecosystem\vegetation ecosystem\vegetation ecosystem\x64\release\pch.pch
d:\git\ctd-vegetationecosystem\vegetation ecosystem\vegetation ecosystem\x64\release\vc142.pdb
d:\git\ctd-vegetationecosystem\vegetation ecosystem\vegetation ecosystem\x64\release\pch.obj
d:\git\ctd-vegetationecosystem\vegetation ecosystem\x64\release\vegetation ecosystem\samplevertexshader.cso
d:\git\ctd-vegetationecosystem\vegetation ecosystem\x64\release\vegetation ecosystem\samplepixelshader.cso
d:\git\ctd-vegetationecosystem\vegetation ecosystem\x64\release\vegetation ecosystem\vegetation ecosystem.exe
d:\git\ctd-vegetationecosystem\vegetation ecosystem\x64\release\vegetation ecosystem\vegetation ecosystem.pdb
d:\git\ctd-vegetationecosystem\vegetation ecosystem\x64\release\vegetation ecosystem\vegetation_ecosystem.winmd
d:\git\ctd-vegetationecosystem\vegetation ecosystem\x64\release\vegetation ecosystem\vegetation ecosystem.ipdb
d:\git\ctd-vegetationecosystem\vegetation ecosystem\x64\release\vegetation ecosystem\vegetation ecosystem.iobj
d:\git\ctd-vegetationecosystem\vegetation ecosystem\x64\release\vegetation ecosystem\assets\blank.png
d:\git\ctd-vegetationecosystem\vegetation ecosystem\x64\release\vegetation ecosystem\assets\leaf.png
d:\git\ctd-vegetationecosystem\vegetation ecosystem\x64\release\vegetation ecosystem\assets\lockscreenlogo.scale-200.png
d:\git\ctd-vegetationecosystem\vegetation ecosystem\x64\release\vegetation ecosystem\assets\splashscreen.scale-200.png
d:\git\ctd-vegetationecosystem\vegetation ecosystem\x64\release\vegetation ecosystem\assets\square150x150logo.scale-200.png
d:\git\ctd-vegetationecosystem\vegetation ecosystem\x64\release\vegetation ecosystem\assets\square44x44logo.scale-200.png
d:\git\ctd-vegetationecosystem\vegetation ecosystem\x64\release\vegetation ecosystem\assets\square44x44logo.targetsize-24_altform-unplated.png
d:\git\ctd-vegetationecosystem\vegetation ecosystem\x64\release\vegetation ecosystem\assets\storelogo.png
d:\git\ctd-vegetationecosystem\vegetation ecosystem\x64\release\vegetation ecosystem\assets\tree-export.png
d:\git\ctd-vegetationecosystem\vegetation ecosystem\x64\release\vegetation ecosystem\assets\tree.png
d:\git\ctd-vegetationecosystem\vegetation ecosystem\x64\release\vegetation ecosystem\assets\wide310x150logo.scale-200.png
d:\git\ctd-vegetationecosystem\vegetation ecosystem\vegetation ecosystem\x64\release\resourcehandlingtask.state
d:\git\ctd-vegetationecosystem\vegetation ecosystem\vegetation ecosystem\x64\release\priconfig.xml
d:\git\ctd-vegetationecosystem\vegetation ecosystem\vegetation ecosystem\x64\release\priconfig.xml.intermediate
d:\git\ctd-vegetationecosystem\vegetation ecosystem\vegetation ecosystem\x64\release\unfiltered.layout.resfiles
d:\git\ctd-vegetationecosystem\vegetation ecosystem\vegetation ecosystem\x64\release\unfiltered.layout.resfiles.intermediate
d:\git\ctd-vegetationecosystem\vegetation ecosystem\vegetation ecosystem\x64\release\filtered.layout.resfiles
d:\git\ctd-vegetationecosystem\vegetation ecosystem\vegetation ecosystem\x64\release\filtered.layout.resfiles.intermediate
d:\git\ctd-vegetationecosystem\vegetation ecosystem\vegetation ecosystem\x64\release\excluded.layout.resfiles
d:\git\ctd-vegetationecosystem\vegetation ecosystem\vegetation ecosystem\x64\release\excluded.layout.resfiles.intermediate
d:\git\ctd-vegetationecosystem\vegetation ecosystem\vegetation ecosystem\x64\release\resources.resfiles
d:\git\ctd-vegetationecosystem\vegetation ecosystem\vegetation ecosystem\x64\release\resources.resfiles.intermediate
d:\git\ctd-vegetationecosystem\vegetation ecosystem\vegetation ecosystem\x64\release\pri.resfiles
d:\git\ctd-vegetationecosystem\vegetation ecosystem\vegetation ecosystem\x64\release\pri.resfiles.intermediate
d:\git\ctd-vegetationecosystem\vegetation ecosystem\x64\release\vegetation ecosystem\resources.pri
d:\git\ctd-vegetationecosystem\vegetation ecosystem\vegetation ecosystem\x64\release\qualifiers.txt
d:\git\ctd-vegetationecosystem\vegetation ecosystem\vegetation ecosystem\x64\release\qualifiers.txt.intermediate
d:\git\ctd-vegetationecosystem\vegetation ecosystem\vegetation ecosystem\x64\release\multiplequalifiersperdimensionfound.txt
d:\git\ctd-vegetationecosystem\vegetation ecosystem\vegetation ecosystem\x64\release\projectarchitectures.txt
d:\git\ctd-vegetationecosystem\vegetation ecosystem\x64\release\vegetation ecosystem\appxmanifest.xml
d:\git\ctd-vegetationecosystem\vegetation ecosystem\vegetation ecosystem\x64\release\ilc\in\appxmanifest.xml
d:\git\ctd-vegetationecosystem\vegetation ecosystem\vegetation ecosystem\x64\release\ilc\in\vegetation ecosystem.pdb
d:\git\ctd-vegetationecosystem\vegetation ecosystem\vegetation ecosystem\x64\release\ilc\in\vegetation_ecosystem.winmd
d:\git\ctd-vegetationecosystem\vegetation ecosystem\vegetation ecosystem\x64\release\ilc\in\resources.pri
d:\git\ctd-vegetationecosystem\vegetation ecosystem\vegetation ecosystem\x64\release\ilc\in\vegetation ecosystem.exe
d:\git\ctd-vegetationecosystem\vegetation ecosystem\vegetation ecosystem\x64\release\ilc\in\assets\blank.png
d:\git\ctd-vegetationecosystem\vegetation ecosystem\vegetation ecosystem\x64\release\ilc\in\assets\leaf.png
d:\git\ctd-vegetationecosystem\vegetation ecosystem\vegetation ecosystem\x64\release\ilc\in\assets\lockscreenlogo.scale-200.png
d:\git\ctd-vegetationecosystem\vegetation ecosystem\vegetation ecosystem\x64\release\ilc\in\assets\splashscreen.scale-200.png
d:\git\ctd-vegetationecosystem\vegetation ecosystem\vegetation ecosystem\x64\release\ilc\in\assets\square150x150logo.scale-200.png
d:\git\ctd-vegetationecosystem\vegetation ecosystem\vegetation ecosystem\x64\release\ilc\in\assets\square44x44logo.scale-200.png
d:\git\ctd-vegetationecosystem\vegetation ecosystem\vegetation ecosystem\x64\release\ilc\in\assets\square44x44logo.targetsize-24_altform-unplated.png
d:\git\ctd-vegetationecosystem\vegetation ecosystem\vegetation ecosystem\x64\release\ilc\in\assets\storelogo.png
d:\git\ctd-vegetationecosystem\vegetation ecosystem\vegetation ecosystem\x64\release\ilc\in\assets\tree-export.png
d:\git\ctd-vegetationecosystem\vegetation ecosystem\vegetation ecosystem\x64\release\ilc\in\assets\tree.png
d:\git\ctd-vegetationecosystem\vegetation ecosystem\vegetation ecosystem\x64\release\ilc\in\assets\wide310x150logo.scale-200.png
d:\git\ctd-vegetationecosystem\vegetation ecosystem\vegetation ecosystem\x64\release\ilc\in\samplepixelshader.cso
d:\git\ctd-vegetationecosystem\vegetation ecosystem\vegetation ecosystem\x64\release\ilc\in\samplevertexshader.cso
d:\git\ctd-vegetationecosystem\vegetation ecosystem\vegetation ecosystem\x64\release\ilc.vegetation ecosystem.rsp
d:\git\ctd-vegetationecosystem\vegetation ecosystem\x64\release\vegetation ecosystem\ilc\assets\blank.png
d:\git\ctd-vegetationecosystem\vegetation ecosystem\x64\release\vegetation ecosystem\ilc\assets\leaf.png
d:\git\ctd-vegetationecosystem\vegetation ecosystem\x64\release\vegetation ecosystem\ilc\assets\lockscreenlogo.scale-200.png
d:\git\ctd-vegetationecosystem\vegetation ecosystem\x64\release\vegetation ecosystem\ilc\assets\splashscreen.scale-200.png
d:\git\ctd-vegetationecosystem\vegetation ecosystem\x64\release\vegetation ecosystem\ilc\assets\square150x150logo.scale-200.png
d:\git\ctd-vegetationecosystem\vegetation ecosystem\x64\release\vegetation ecosystem\ilc\assets\square44x44logo.scale-200.png
d:\git\ctd-vegetationecosystem\vegetation ecosystem\x64\release\vegetation ecosystem\ilc\assets\square44x44logo.targetsize-24_altform-unplated.png
d:\git\ctd-vegetationecosystem\vegetation ecosystem\x64\release\vegetation ecosystem\ilc\assets\storelogo.png
d:\git\ctd-vegetationecosystem\vegetation ecosystem\x64\release\vegetation ecosystem\ilc\assets\tree-export.png
d:\git\ctd-vegetationecosystem\vegetation ecosystem\x64\release\vegetation ecosystem\ilc\assets\tree.png
d:\git\ctd-vegetationecosystem\vegetation ecosystem\x64\release\vegetation ecosystem\ilc\assets\wide310x150logo.scale-200.png
d:\git\ctd-vegetationecosystem\vegetation ecosystem\x64\release\vegetation ecosystem\ilc\resources.pri
d:\git\ctd-vegetationecosystem\vegetation ecosystem\x64\release\vegetation ecosystem\ilc\samplepixelshader.cso
d:\git\ctd-vegetationecosystem\vegetation ecosystem\x64\release\vegetation ecosystem\ilc\samplevertexshader.cso
d:\git\ctd-vegetationecosystem\vegetation ecosystem\x64\release\vegetation ecosystem\ilc\vegetation ecosystem.exe
d:\git\ctd-vegetationecosystem\vegetation ecosystem\x64\release\vegetation ecosystem\ilc\vegetation ecosystem.pdb
d:\git\ctd-vegetationecosystem\vegetation ecosystem\x64\release\vegetation ecosystem\ilc\vegetation_ecosystem.winmd
d:\git\ctd-vegetationecosystem\vegetation ecosystem\x64\release\vegetation ecosystem\vegetation ecosystem.build.appxrecipe
d:\git\ctd-vegetationecosystem\vegetation ecosystem\vegetation ecosystem\x64\release\vegetation ecosystem.vcxprojassemblyreference.cache
d:\git\ctd-vegetationecosystem\vegetation ecosystem\x64\release\vegetation ecosystem\oak.txt
d:\git\ctd-vegetationecosystem\vegetation ecosystem\x64\release\vegetation ecosystem\pine.txt
d:\git\ctd-vegetationecosystem\vegetation ecosystem\vegetation ecosystem\x64\release\ilc\in\oak.txt
d:\git\ctd-vegetationecosystem\vegetation ecosystem\vegetation ecosystem\x64\release\ilc\in\pine.txt
d:\git\ctd-vegetationecosystem\vegetation ecosystem\x64\release\vegetation ecosystem\ilc\oak.txt
d:\git\ctd-vegetationecosystem\vegetation ecosystem\x64\release\vegetation ecosystem\ilc\pine.txt
d:\git\ctd-vegetationecosystem\vegetation ecosystem\x64\release\vegetation ecosystem\shrub.txt
d:\git\ctd-vegetationecosystem\vegetation ecosystem\vegetation ecosystem\x64\release\ilc\in\shrub.txt
d:\git\ctd-vegetationecosystem\vegetation ecosystem\x64\release\vegetation ecosystem\ilc\shrub.txt
d:\git\ctd-vegetationecosystem\vegetation ecosystem\x64\release\vegetation ecosystem\tree.obj
d:\git\ctd-vegetationecosystem\vegetation ecosystem\vegetation ecosystem\x64\release\ilc\in\tree.obj
d:\git\ctd-vegetationecosystem\vegetation ecosystem\x64\release\vegetation ecosystem\ilc\tree.obj
d:\git\ctd-vegetationecosystem\vegetation ecosystem\vegetation ecosystem\x64\release\vegetati.9bcbb87f.tlog\cl.command.1.tlog
d:\git\ctd-vegetationecosystem\vegetation ecosystem\vegetation ecosystem\x64\release\vegetati.9bcbb87f.tlog\cl.read.1.tlog
d:\git\ctd-vegetationecosystem\vegetation ecosystem\vegetation ecosystem\x64\release\vegetati.9bcbb87f.tlog\cl.write.1.tlog
d:\git\ctd-vegetationecosystem\vegetation ecosystem\vegetation ecosystem\x64\release\vegetati.9bcbb87f.tlog\fxc.command.1.tlog
d:\git\ctd-vegetationecosystem\vegetation ecosystem\vegetation ecosystem\x64\release\vegetati.9bcbb87f.tlog\fxc.read.1.tlog
d:\git\ctd-vegetationecosystem\vegetation ecosystem\vegetation ecosystem\x64\release\vegetati.9bcbb87f.tlog\fxc.write.1.tlog
d:\git\ctd-vegetationecosystem\vegetation ecosystem\vegetation ecosystem\x64\release\vegetati.9bcbb87f.tlog\link.command.1.tlog
d:\git\ctd-vegetationecosystem\vegetation ecosystem\vegetation ecosystem\x64\release\vegetati.9bcbb87f.tlog\link.read.1.tlog
d:\git\ctd-vegetationecosystem\vegetation ecosystem\vegetation ecosystem\x64\release\vegetati.9bcbb87f.tlog\link.write.1.tlog
d:\git\ctd-vegetationecosystem\vegetation ecosystem\vegetation ecosystem\x64\release\vegetati.9bcbb87f.tlog\vegetation ecosystem.read.1u.tlog
d:\git\ctd-vegetationecosystem\vegetation ecosystem\vegetation ecosystem\x64\release\vegetati.9bcbb87f.tlog\vegetation ecosystem.write.1u.tlog
